Arguments: 
  E:\Program Files\nodejs\node.exe C:\Users\Administrator\AppData\Roaming\npm\node_modules\yarn\bin\yarn.js add react react-dom redux react-redux react-router-dom react-router-redux@next history redux-thunk

PATH: 
  C:\Python27\;C:\Python27\Scripts;C:\Windows\system32;C:\Windows;C:\Windows\System32\Wbem;C:\Windows\System32\WindowsPowerShell\v1.0\;E:\Program Files\nodejs\;E:\Program Files (x86)\Git\cmd;E:\Program Files (x86)\Git\mingw32\bin;E:\Program Files (x86)\Git\usr\bin;C:\ProgramData\chocolatey\bin;C:\Program Files\Java\jdk1.8.0_131\bin;C:\Python27;D:\bin;C:\Users\Administrator\AppData\Roaming\npm;E:\Program Files (x86)\Microsoft VS Code\bin;C:\Users\Administrator\AppData\Local\atom\bin

Yarn version: 
  0.24.4

Node version: 
  7.9.0

Platform: 
  win32 x64

npm manifest: 
  {
    "name": "zhufengketang",
    "version": "1.0.0",
    "description": "",
    "main": "index.js",
    "scripts": {
      "test": "echo \"Error: no test specified\" && exit 1"
    },
    "keywords": [],
    "author": "",
    "license": "ISC"
  }

yarn manifest: 
  No manifest

Lockfile: 
  No lockfile

Trace: 
  Error: connect ETIMEDOUT 104.16.63.173:443
      at Object.exports._errnoException (util.js:1050:11)
      at exports._exceptionWithHostPort (util.js:1073:20)
      at TCPConnectWrap.afterConnect [as oncomplete] (net.js:1097:14)
